1680618231364	geckodriver	INFO	Listening on 127.0.0.1:59680
1680618234372	mozrunner::runner	INFO	Running command: "C:\\Program Files\\Mozilla Firefox\\firefox.exe" "--marionette" "-no-remote" "-profile" "C:\\Users\\91807\\AppData\\Local\\Temp\\rust_mozprofileXivVnp"
console.warn: services.settings: Ignoring preference override of remote settings server
console.warn: services.settings: Allow by setting MOZ_REMOTE_SETTINGS_DEVTOOLS=1 in the environment
1680618235419	Marionette	INFO	Marionette enabled
Dynamically enable window occlusion 0
1680618235430	Marionette	INFO	Listening on port 59693
Read port: 59693
1680618236049	RemoteAgent	WARN	TLS certificate errors will be ignored for this session
console.warn: SearchSettings: "get: No settings file exists, new profile?" (new NotFoundError("Could not open the file at C:\\Users\\91807\\AppData\\Local\\Temp\\rust_mozprofileXivVnp\\search.json.mozlz4", (void 0)))
1680618240015	Marionette	INFO	Stopped listening on port 59693
Dynamically enable window occlusion 1
1680618278571	geckodriver	INFO	Listening on 127.0.0.1:59782
1680618281602	mozrunner::runner	INFO	Running command: "C:\\Program Files\\Mozilla Firefox\\firefox.exe" "--marionette" "-no-remote" "-profile" "C:\\Users\\91807\\AppData\\Local\\Temp\\rust_mozprofileK7vURv"
console.warn: services.settings: Ignoring preference override of remote settings server
console.warn: services.settings: Allow by setting MOZ_REMOTE_SETTINGS_DEVTOOLS=1 in the environment
1680618282332	Marionette	INFO	Marionette enabled
Dynamically enable window occlusion 0
1680618282340	Marionette	INFO	Listening on port 59793
Read port: 59793
1680618282861	RemoteAgent	WARN	TLS certificate errors will be ignored for this session
console.warn: SearchSettings: "get: No settings file exists, new profile?" (new NotFoundError("Could not open the file at C:\\Users\\91807\\AppData\\Local\\Temp\\rust_mozprofileK7vURv\\search.json.mozlz4", (void 0)))
console.warn: LoginRecipes: "Falling back to a synchronous message for: https://app.hubspot.com."
1680618287137	Marionette	INFO	Stopped listening on port 59793
console.warn: LoginRecipes: "Falling back to a synchronous message for: https://app.hubspot.com."
Dynamically enable window occlusion 1
